added manifest
adding: images/(in = 0) (out= 0)(stored 0%)
adding: images/PICROSS1.png(in = 77140) (out= 77144)(deflated 0%)
adding: images/PICROSS2.png(in = 90202) (out= 90232)(deflated 0%)
adding: images/gameclient.png(in = 89408) (out= 89438)(deflated 0%)
adding: images/gameend.png(in = 324576) (out= 324644)(deflated 0%)
adding: images/gameserver.png(in = 89609) (out= 89639)(deflated 0%)
adding: images/gamewinner.png(in = 321967) (out= 322012)(deflated 0%)
adding: images/logo.png(in = 4304) (out= 4309)(deflated 0%)
adding: images/piciconabt.gif(in = 1413) (out= 1418)(deflated 0%)
adding: images/piciconcol.gif(in = 1095) (out= 1100)(deflated 0%)
adding: images/picicondes.gif(in = 1125) (out= 864)(deflated 23%)
adding: images/piciconeng.gif(in = 3581) (out= 3582)(deflated 0%)
adding: images/piciconext.gif(in = 1171) (out= 1176)(deflated 0%)
adding: images/piciconfra.gif(in = 2487) (out= 2492)(deflated 0%)
adding: images/piciconlang.gif(in = 1351) (out= 963)(deflated 28%)
adding: images/piciconload.gif(in = 1453) (out= 1458)(deflated 0%)
adding: images/piciconnew.gif(in = 1356) (out= 957)(deflated 29%)
adding: images/piciconpor.gif(in = 2668) (out= 2673)(deflated 0%)
adding: images/piciconsol.gif(in = 1393) (out= 1398)(deflated 0%)
adding: images/picross.png(in = 293528) (out= 293618)(deflated 0%)
adding: picross/(in = 0) (out= 0)(stored 0%)
adding: picross/ControllableTimer.class(in = 1541) (out= 901)(deflated 41%)
adding: picross/GameClient$1.class(in = 787) (out= 483)(deflated 38%)
adding: picross/GameClient$2.class(in = 666) (out= 413)(deflated 37%)
adding: picross/GameClient$3.class(in = 670) (out= 416)(deflated 37%)
adding: picross/GameClient$4.class(in = 662) (out= 412)(deflated 37%)
adding: picross/GameClient$5.class(in = 666) (out= 414)(deflated 37%)
adding: picross/GameClient$6.class(in = 666) (out= 417)(deflated 37%)
adding: picross/GameClient$7.class(in = 666) (out= 409)(deflated 38%)
adding: picross/GameClient$Client$1.class(in = 798) (out= 475)(deflated 40%)
adding: picross/GameClient$Client.class(in = 5419) (out= 2654)(deflated 51%)
adding: picross/GameClient.class(in = 4319) (out= 2381)(deflated 44%)
adding: picross/GameConfig.class(in = 748) (out= 478)(deflated 36%)
adding: picross/GameController$1.class(in = 3281) (out= 1549)(deflated 52%)
adding: picross/GameController$2.class(in = 808) (out= 487)(deflated 39%)
adding: picross/GameController$FeatureListener.class(in = 5081) (out= 2515)(deflated 50%)
adding: picross/GameController.class(in = 3324) (out= 1749)(deflated 47%)
adding: picross/GameModel.class(in = 5448) (out= 2827)(deflated 48%)
adding: picross/GameServer$1.class(in = 790) (out= 492)(deflated 37%)
adding: picross/GameServer$2.class(in = 666) (out= 416)(deflated 37%)
adding: picross/GameServer$3.class(in = 665) (out= 411)(deflated 38%)
adding: picross/GameServer$Server$ClientThread.class(in = 4797) (out= 2544)(deflated 46%)
adding: picross/GameServer$Server.class(in = 3663) (out= 1948)(deflated 46%)
adding: picross/GameServer.class(in = 3439) (out= 1934)(deflated 43%)
adding: picross/GameView.class(in = 11904) (out= 6327)(deflated 46%)
adding: picross/Main.class(in = 1106) (out= 713)(deflated 35%)
adding: resources/(in = 0) (out= 0)(stored 0%)
adding: resources/texts_en_US.properties(in = 378) (out= 262)(deflated 30%)
adding: resources/texts_zh_CN.properties(in = 612) (out= 333)(deflated 45%)
