added manifest
adding: images/(in = 0) (out= 0)(stored 0%)
adding: images/PICROSS1.png(in = 77140) (out= 77144)(deflated 0%)
adding: images/PICROSS2.png(in = 90202) (out= 90232)(deflated 0%)
adding: images/gameclient.png(in = 89408) (out= 89438)(deflated 0%)
adding: images/gameend.png(in = 324576) (out= 324644)(deflated 0%)
adding: images/gameserver.png(in = 89609) (out= 89639)(deflated 0%)
adding: images/gamewinner.png(in = 321967) (out= 322012)(deflated 0%)
adding: images/logo.png(in = 4304) (out= 4309)(deflated 0%)
adding: images/piciconabt.gif(in = 1413) (out= 1418)(deflated 0%)
adding: images/piciconcol.gif(in = 1095) (out= 1100)(deflated 0%)
adding: images/picicondes.gif(in = 1125) (out= 864)(deflated 23%)
adding: images/piciconeng.gif(in = 3581) (out= 3582)(deflated 0%)
adding: images/piciconext.gif(in = 1171) (out= 1176)(deflated 0%)
adding: images/piciconfra.gif(in = 2487) (out= 2492)(deflated 0%)
adding: images/piciconlang.gif(in = 1351) (out= 963)(deflated 28%)
adding: images/piciconload.gif(in = 1453) (out= 1458)(deflated 0%)
adding: images/piciconnew.gif(in = 1356) (out= 957)(deflated 29%)
adding: images/piciconpor.gif(in = 2668) (out= 2673)(deflated 0%)
adding: images/piciconsol.gif(in = 1393) (out= 1398)(deflated 0%)
adding: images/picross.png(in = 293528) (out= 293618)(deflated 0%)
adding: picross/(in = 0) (out= 0)(stored 0%)
adding: picross/ControllableTimer$1.class(in = 720) (out= 453)(deflated 37%)
adding: picross/ControllableTimer.class(in = 1372) (out= 860)(deflated 37%)
adding: picross/GameController$1.class(in = 3356) (out= 1585)(deflated 52%)
adding: picross/GameController$FeatureListener.class(in = 5160) (out= 2557)(deflated 50%)
adding: picross/GameController.class(in = 3192) (out= 1653)(deflated 48%)
adding: picross/GameModel.class(in = 4719) (out= 2465)(deflated 47%)
adding: picross/GameView$1.class(in = 576) (out= 372)(deflated 35%)
adding: picross/GameView.class(in = 11765) (out= 6226)(deflated 47%)
adding: picross/Main.class(in = 569) (out= 356)(deflated 37%)
adding: resources/(in = 0) (out= 0)(stored 0%)
adding: resources/texts_en_US.properties(in = 378) (out= 262)(deflated 30%)
adding: resources/texts_zh_CN.properties(in = 612) (out= 333)(deflated 45%)
