added manifest
adding: A12-jar.err(in = 0) (out= 0)(stored 0%)
adding: A12-jar.out(in = 65) (out= 63)(deflated 3%)
adding: images/(in = 0) (out= 0)(stored 0%)
adding: images/PICROSS1.png(in = 77140) (out= 77144)(deflated 0%)
adding: images/PICROSS2.png(in = 90202) (out= 90232)(deflated 0%)
adding: images/gameclient.png(in = 89408) (out= 89438)(deflated 0%)
adding: images/gameend.png(in = 324576) (out= 324644)(deflated 0%)
adding: images/gameserver.png(in = 89609) (out= 89639)(deflated 0%)
adding: images/gamewinner.png(in = 321967) (out= 322012)(deflated 0%)
adding: images/logo.png(in = 4304) (out= 4309)(deflated 0%)
adding: images/piciconabt.gif(in = 1413) (out= 1418)(deflated 0%)
adding: images/piciconcol.gif(in = 1095) (out= 1100)(deflated 0%)
adding: images/piciconeng.gif(in = 3581) (out= 3582)(deflated 0%)
adding: images/piciconext.gif(in = 1171) (out= 1176)(deflated 0%)
adding: images/piciconfra.gif(in = 2487) (out= 2492)(deflated 0%)
adding: images/piciconnew.gif(in = 1453) (out= 1458)(deflated 0%)
adding: images/piciconpor.gif(in = 2668) (out= 2673)(deflated 0%)
adding: images/piciconsol.gif(in = 1393) (out= 1398)(deflated 0%)
adding: images/picross.png(in = 293528) (out= 293618)(deflated 0%)
adding: picross/(in = 0) (out= 0)(stored 0%)
adding: picross/Windows$1.class(in = 844) (out= 554)(deflated 34%)
adding: picross/Windows$2.class(in = 844) (out= 555)(deflated 34%)
adding: picross/Windows$3.class(in = 1429) (out= 861)(deflated 39%)
adding: picross/Windows$4.class(in = 908) (out= 572)(deflated 37%)
adding: picross/Windows$5.class(in = 636) (out= 423)(deflated 33%)
adding: picross/Windows$6.class(in = 1910) (out= 1094)(deflated 42%)
adding: picross/Windows$7.class(in = 1061) (out= 644)(deflated 39%)
adding: picross/Windows$8.class(in = 2070) (out= 1075)(deflated 48%)
adding: picross/Windows$9.class(in = 1212) (out= 673)(deflated 44%)
adding: picross/Windows.class(in = 7725) (out= 4220)(deflated 45%)
adding: picross/data.class(in = 2830) (out= 1502)(deflated 46%)
adding: resources/(in = 0) (out= 0)(stored 0%)
adding: resources/texts_en_US.properties(in = 201) (out= 165)(deflated 17%)
adding: resources/texts_zh_CN.properties(in = 313) (out= 217)(deflated 30%)
